mode: set
github.com/criblio/terraform-provider-criblio/internal/sdk/internal/hooks/clientcredentials.go:59.56,63.2 1 0
github.com/criblio/terraform-provider-criblio/internal/sdk/internal/hooks/clientcredentials.go:65.97,68.2 2 0
github.com/criblio/terraform-provider-criblio/internal/sdk/internal/hooks/clientcredentials.go:70.70,72.2 1 0
github.com/criblio/terraform-provider-criblio/internal/sdk/internal/hooks/clientcredentials.go:74.115,75.39 1 0
github.com/criblio/terraform-provider-criblio/internal/sdk/internal/hooks/clientcredentials.go:75.39,77.3 1 0
github.com/criblio/terraform-provider-criblio/internal/sdk/internal/hooks/clientcredentials.go:79.2,80.16 2 0
github.com/criblio/terraform-provider-criblio/internal/sdk/internal/hooks/clientcredentials.go:80.16,82.3 1 0
github.com/criblio/terraform-provider-criblio/internal/sdk/internal/hooks/clientcredentials.go:83.2,83.24 1 0
github.com/criblio/terraform-provider-criblio/internal/sdk/internal/hooks/clientcredentials.go:83.24,85.3 1 0
github.com/criblio/terraform-provider-criblio/internal/sdk/internal/hooks/clientcredentials.go:87.2,89.16 2 0
github.com/criblio/terraform-provider-criblio/internal/sdk/internal/hooks/clientcredentials.go:89.16,91.3 1 0
github.com/criblio/terraform-provider-criblio/internal/sdk/internal/hooks/clientcredentials.go:93.2,95.17 2 0
github.com/criblio/terraform-provider-criblio/internal/sdk/internal/hooks/clientcredentials.go:98.122,99.39 1 0
github.com/criblio/terraform-provider-criblio/internal/sdk/internal/hooks/clientcredentials.go:99.39,101.3 1 0
github.com/criblio/terraform-provider-criblio/internal/sdk/internal/hooks/clientcredentials.go:104.2,104.16 1 0
github.com/criblio/terraform-provider-criblio/internal/sdk/internal/hooks/clientcredentials.go:104.16,106.3 1 0
github.com/criblio/terraform-provider-criblio/internal/sdk/internal/hooks/clientcredentials.go:108.2,109.16 2 0
github.com/criblio/terraform-provider-criblio/internal/sdk/internal/hooks/clientcredentials.go:109.16,111.3 1 0
github.com/criblio/terraform-provider-criblio/internal/sdk/internal/hooks/clientcredentials.go:112.2,112.24 1 0
github.com/criblio/terraform-provider-criblio/internal/sdk/internal/hooks/clientcredentials.go:112.24,114.3 1 0
github.com/criblio/terraform-provider-criblio/internal/sdk/internal/hooks/clientcredentials.go:116.2,116.61 1 0
github.com/criblio/terraform-provider-criblio/internal/sdk/internal/hooks/clientcredentials.go:116.61,124.3 6 0
github.com/criblio/terraform-provider-criblio/internal/sdk/internal/hooks/clientcredentials.go:126.2,126.17 1 0
github.com/criblio/terraform-provider-criblio/internal/sdk/internal/hooks/clientcredentials.go:129.126,135.21 5 0
github.com/criblio/terraform-provider-criblio/internal/sdk/internal/hooks/clientcredentials.go:135.21,137.3 1 0
github.com/criblio/terraform-provider-criblio/internal/sdk/internal/hooks/clientcredentials.go:139.2,139.59 1 0
github.com/criblio/terraform-provider-criblio/internal/sdk/internal/hooks/clientcredentials.go:139.59,141.3 1 0
github.com/criblio/terraform-provider-criblio/internal/sdk/internal/hooks/clientcredentials.go:143.2,145.16 3 0
github.com/criblio/terraform-provider-criblio/internal/sdk/internal/hooks/clientcredentials.go:145.16,147.3 1 0
github.com/criblio/terraform-provider-criblio/internal/sdk/internal/hooks/clientcredentials.go:148.2,148.16 1 0
github.com/criblio/terraform-provider-criblio/internal/sdk/internal/hooks/clientcredentials.go:148.16,150.17 2 0
github.com/criblio/terraform-provider-criblio/internal/sdk/internal/hooks/clientcredentials.go:150.17,152.4 1 0
github.com/criblio/terraform-provider-criblio/internal/sdk/internal/hooks/clientcredentials.go:153.3,154.24 2 0
github.com/criblio/terraform-provider-criblio/internal/sdk/internal/hooks/clientcredentials.go:157.2,158.16 2 0
github.com/criblio/terraform-provider-criblio/internal/sdk/internal/hooks/clientcredentials.go:158.16,160.3 1 0
github.com/criblio/terraform-provider-criblio/internal/sdk/internal/hooks/clientcredentials.go:162.2,165.16 3 0
github.com/criblio/terraform-provider-criblio/internal/sdk/internal/hooks/clientcredentials.go:165.16,167.3 1 0
github.com/criblio/terraform-provider-criblio/internal/sdk/internal/hooks/clientcredentials.go:168.2,170.51 2 0
github.com/criblio/terraform-provider-criblio/internal/sdk/internal/hooks/clientcredentials.go:170.51,173.3 2 0
github.com/criblio/terraform-provider-criblio/internal/sdk/internal/hooks/clientcredentials.go:175.2,176.68 2 0
github.com/criblio/terraform-provider-criblio/internal/sdk/internal/hooks/clientcredentials.go:176.68,178.3 1 0
github.com/criblio/terraform-provider-criblio/internal/sdk/internal/hooks/clientcredentials.go:180.2,180.53 1 0
github.com/criblio/terraform-provider-criblio/internal/sdk/internal/hooks/clientcredentials.go:180.53,182.3 1 0
github.com/criblio/terraform-provider-criblio/internal/sdk/internal/hooks/clientcredentials.go:184.2,185.31 2 0
github.com/criblio/terraform-provider-criblio/internal/sdk/internal/hooks/clientcredentials.go:185.31,188.3 2 0
github.com/criblio/terraform-provider-criblio/internal/sdk/internal/hooks/clientcredentials.go:190.2,195.8 1 0
github.com/criblio/terraform-provider-criblio/internal/sdk/internal/hooks/clientcredentials.go:198.134,199.19 1 0
github.com/criblio/terraform-provider-criblio/internal/sdk/internal/hooks/clientcredentials.go:199.19,201.3 1 0
github.com/criblio/terraform-provider-criblio/internal/sdk/internal/hooks/clientcredentials.go:203.2,204.16 2 0
github.com/criblio/terraform-provider-criblio/internal/sdk/internal/hooks/clientcredentials.go:204.16,206.3 1 0
github.com/criblio/terraform-provider-criblio/internal/sdk/internal/hooks/clientcredentials.go:208.2,208.36 1 0
github.com/criblio/terraform-provider-criblio/internal/sdk/internal/hooks/clientcredentials.go:211.85,214.9 2 0
github.com/criblio/terraform-provider-criblio/internal/sdk/internal/hooks/clientcredentials.go:214.9,216.3 1 0
github.com/criblio/terraform-provider-criblio/internal/sdk/internal/hooks/clientcredentials.go:218.2,218.33 1 0
github.com/criblio/terraform-provider-criblio/internal/sdk/internal/hooks/clientcredentials.go:218.33,220.3 1 0
github.com/criblio/terraform-provider-criblio/internal/sdk/internal/hooks/clientcredentials.go:221.2,222.35 2 0
github.com/criblio/terraform-provider-criblio/internal/sdk/internal/hooks/clientcredentials.go:222.35,224.3 1 0
github.com/criblio/terraform-provider-criblio/internal/sdk/internal/hooks/clientcredentials.go:225.2,226.36 2 0
github.com/criblio/terraform-provider-criblio/internal/sdk/internal/hooks/clientcredentials.go:226.36,228.3 1 0
github.com/criblio/terraform-provider-criblio/internal/sdk/internal/hooks/clientcredentials.go:229.2,229.41 1 0
github.com/criblio/terraform-provider-criblio/internal/sdk/internal/hooks/clientcredentials.go:229.41,232.10 2 0
github.com/criblio/terraform-provider-criblio/internal/sdk/internal/hooks/clientcredentials.go:232.10,234.4 1 0
github.com/criblio/terraform-provider-criblio/internal/sdk/internal/hooks/clientcredentials.go:235.3,236.50 2 0
github.com/criblio/terraform-provider-criblio/internal/sdk/internal/hooks/clientcredentials.go:239.2,240.42 2 0
github.com/criblio/terraform-provider-criblio/internal/sdk/internal/hooks/clientcredentials.go:240.42,242.117 2 0
github.com/criblio/terraform-provider-criblio/internal/sdk/internal/hooks/clientcredentials.go:242.117,245.28 2 0
github.com/criblio/terraform-provider-criblio/internal/sdk/internal/hooks/clientcredentials.go:245.28,248.32 3 0
github.com/criblio/terraform-provider-criblio/internal/sdk/internal/hooks/clientcredentials.go:248.32,249.42 1 0
github.com/criblio/terraform-provider-criblio/internal/sdk/internal/hooks/clientcredentials.go:249.42,251.12 2 0
github.com/criblio/terraform-provider-criblio/internal/sdk/internal/hooks/clientcredentials.go:258.2,264.8 1 0
github.com/criblio/terraform-provider-criblio/internal/sdk/internal/hooks/clientcredentials.go:267.114,273.61 4 0
github.com/criblio/terraform-provider-criblio/internal/sdk/internal/hooks/clientcredentials.go:273.61,275.58 2 0
github.com/criblio/terraform-provider-criblio/internal/sdk/internal/hooks/clientcredentials.go:275.58,277.42 2 0
github.com/criblio/terraform-provider-criblio/internal/sdk/internal/hooks/clientcredentials.go:277.42,279.5 1 0
github.com/criblio/terraform-provider-criblio/internal/sdk/internal/hooks/clientcredentials.go:279.10,281.5 1 0
github.com/criblio/terraform-provider-criblio/internal/sdk/internal/hooks/clientcredentials.go:285.3,286.58 2 0
github.com/criblio/terraform-provider-criblio/internal/sdk/internal/hooks/clientcredentials.go:286.58,288.39 2 0
github.com/criblio/terraform-provider-criblio/internal/sdk/internal/hooks/clientcredentials.go:288.39,290.5 1 0
github.com/criblio/terraform-provider-criblio/internal/sdk/internal/hooks/clientcredentials.go:290.10,290.61 1 0
github.com/criblio/terraform-provider-criblio/internal/sdk/internal/hooks/clientcredentials.go:290.61,293.5 2 0
github.com/criblio/terraform-provider-criblio/internal/sdk/internal/hooks/clientcredentials.go:294.4,294.15 1 0
github.com/criblio/terraform-provider-criblio/internal/sdk/internal/hooks/clientcredentials.go:297.3,297.29 1 0
github.com/criblio/terraform-provider-criblio/internal/sdk/internal/hooks/clientcredentials.go:297.29,299.4 1 0
github.com/criblio/terraform-provider-criblio/internal/sdk/internal/hooks/clientcredentials.go:303.2,304.75 2 0
github.com/criblio/terraform-provider-criblio/internal/sdk/internal/hooks/clientcredentials.go:304.75,307.17 2 0
github.com/criblio/terraform-provider-criblio/internal/sdk/internal/hooks/clientcredentials.go:307.17,309.4 1 0
github.com/criblio/terraform-provider-criblio/internal/sdk/internal/hooks/clientcredentials.go:311.3,315.31 4 0
github.com/criblio/terraform-provider-criblio/internal/sdk/internal/hooks/clientcredentials.go:318.2,318.16 1 0
github.com/criblio/terraform-provider-criblio/internal/sdk/internal/hooks/clientcredentials.go:318.16,320.3 1 0
github.com/criblio/terraform-provider-criblio/internal/sdk/internal/hooks/clientcredentials.go:322.2,324.21 2 0
github.com/criblio/terraform-provider-criblio/internal/sdk/internal/hooks/clientcredentials.go:327.103,328.31 1 0
github.com/criblio/terraform-provider-criblio/internal/sdk/internal/hooks/clientcredentials.go:328.31,330.3 1 0
github.com/criblio/terraform-provider-criblio/internal/sdk/internal/hooks/clientcredentials.go:331.2,331.29 1 0
github.com/criblio/terraform-provider-criblio/internal/sdk/internal/hooks/clientcredentials.go:331.29,333.3 1 0
github.com/criblio/terraform-provider-criblio/internal/sdk/internal/hooks/clientcredentials.go:334.2,334.19 1 0
github.com/criblio/terraform-provider-criblio/internal/sdk/internal/hooks/clientcredentials.go:337.58,341.2 3 0
github.com/criblio/terraform-provider-criblio/internal/sdk/internal/hooks/clientcredentials.go:343.42,344.22 1 0
github.com/criblio/terraform-provider-criblio/internal/sdk/internal/hooks/clientcredentials.go:344.22,346.3 1 0
github.com/criblio/terraform-provider-criblio/internal/sdk/internal/hooks/clientcredentials.go:348.2,352.40 4 0
github.com/criblio/terraform-provider-criblio/internal/sdk/internal/hooks/clientcredentials.go:355.75,356.61 1 0
github.com/criblio/terraform-provider-criblio/internal/sdk/internal/hooks/clientcredentials.go:356.61,362.58 4 0
github.com/criblio/terraform-provider-criblio/internal/sdk/internal/hooks/clientcredentials.go:362.58,365.4 2 0
github.com/criblio/terraform-provider-criblio/internal/sdk/internal/hooks/clientcredentials.go:366.3,366.14 1 0
github.com/criblio/terraform-provider-criblio/internal/sdk/internal/hooks/clientcredentials.go:366.14,368.4 1 0
github.com/criblio/terraform-provider-criblio/internal/sdk/internal/hooks/clientcredentials.go:372.71,373.47 1 0
github.com/criblio/terraform-provider-criblio/internal/sdk/internal/hooks/clientcredentials.go:373.47,375.32 2 0
github.com/criblio/terraform-provider-criblio/internal/sdk/internal/hooks/clientcredentials.go:375.32,376.30 1 0
github.com/criblio/terraform-provider-criblio/internal/sdk/internal/hooks/clientcredentials.go:376.30,378.10 2 0
github.com/criblio/terraform-provider-criblio/internal/sdk/internal/hooks/clientcredentials.go:381.3,381.13 1 0
github.com/criblio/terraform-provider-criblio/internal/sdk/internal/hooks/clientcredentials.go:381.13,383.4 1 0
github.com/criblio/terraform-provider-criblio/internal/sdk/internal/hooks/clientcredentials.go:385.2,385.13 1 0
github.com/criblio/terraform-provider-criblio/internal/sdk/internal/hooks/clientcredentials.go:391.45,393.2 1 0
github.com/criblio/terraform-provider-criblio/internal/sdk/internal/hooks/credentials.go:13.44,16.16 2 1
github.com/criblio/terraform-provider-criblio/internal/sdk/internal/hooks/credentials.go:16.16,19.3 2 0
github.com/criblio/terraform-provider-criblio/internal/sdk/internal/hooks/credentials.go:22.2,27.16 5 1
github.com/criblio/terraform-provider-criblio/internal/sdk/internal/hooks/credentials.go:27.16,31.17 4 1
github.com/criblio/terraform-provider-criblio/internal/sdk/internal/hooks/credentials.go:31.17,32.38 1 1
github.com/criblio/terraform-provider-criblio/internal/sdk/internal/hooks/credentials.go:32.38,35.5 2 1
github.com/criblio/terraform-provider-criblio/internal/sdk/internal/hooks/credentials.go:35.10,37.5 1 0
github.com/criblio/terraform-provider-criblio/internal/sdk/internal/hooks/credentials.go:39.3,39.24 1 1
github.com/criblio/terraform-provider-criblio/internal/sdk/internal/hooks/credentials.go:40.8,42.3 1 1
github.com/criblio/terraform-provider-criblio/internal/sdk/internal/hooks/credentials.go:44.2,46.16 3 1
github.com/criblio/terraform-provider-criblio/internal/sdk/internal/hooks/credentials.go:46.16,48.3 1 0
github.com/criblio/terraform-provider-criblio/internal/sdk/internal/hooks/credentials.go:50.2,50.18 1 1
github.com/criblio/terraform-provider-criblio/internal/sdk/internal/hooks/credentials.go:53.58,56.16 3 1
github.com/criblio/terraform-provider-criblio/internal/sdk/internal/hooks/credentials.go:56.16,58.3 1 1
github.com/criblio/terraform-provider-criblio/internal/sdk/internal/hooks/credentials.go:60.2,61.16 2 1
github.com/criblio/terraform-provider-criblio/internal/sdk/internal/hooks/credentials.go:61.16,63.3 1 1
github.com/criblio/terraform-provider-criblio/internal/sdk/internal/hooks/credentials.go:65.2,65.58 1 1
github.com/criblio/terraform-provider-criblio/internal/sdk/internal/hooks/credentials.go:68.57,73.16 4 1
github.com/criblio/terraform-provider-criblio/internal/sdk/internal/hooks/credentials.go:73.16,76.3 2 1
github.com/criblio/terraform-provider-criblio/internal/sdk/internal/hooks/credentials.go:78.2,78.21 1 1
github.com/criblio/terraform-provider-criblio/internal/sdk/internal/hooks/credentials.go:81.56,85.23 3 1
github.com/criblio/terraform-provider-criblio/internal/sdk/internal/hooks/credentials.go:85.23,87.3 1 1
github.com/criblio/terraform-provider-criblio/internal/sdk/internal/hooks/credentials.go:88.2,91.16 3 1
github.com/criblio/terraform-provider-criblio/internal/sdk/internal/hooks/credentials.go:91.16,94.3 2 0
github.com/criblio/terraform-provider-criblio/internal/sdk/internal/hooks/credentials.go:96.2,97.16 2 1
github.com/criblio/terraform-provider-criblio/internal/sdk/internal/hooks/credentials.go:97.16,100.3 2 0
github.com/criblio/terraform-provider-criblio/internal/sdk/internal/hooks/credentials.go:102.2,104.21 2 1
github.com/criblio/terraform-provider-criblio/internal/sdk/internal/hooks/credentials.go:108.45,125.42 10 1
github.com/criblio/terraform-provider-criblio/internal/sdk/internal/hooks/credentials.go:125.42,134.3 2 1
github.com/criblio/terraform-provider-criblio/internal/sdk/internal/hooks/credentials.go:137.2,137.27 1 1
github.com/criblio/terraform-provider-criblio/internal/sdk/internal/hooks/credentials.go:137.27,144.3 2 1
github.com/criblio/terraform-provider-criblio/internal/sdk/internal/hooks/credentials.go:146.2,147.16 2 1
github.com/criblio/terraform-provider-criblio/internal/sdk/internal/hooks/credentials.go:147.16,148.37 1 1
github.com/criblio/terraform-provider-criblio/internal/sdk/internal/hooks/credentials.go:148.37,157.4 2 1
github.com/criblio/terraform-provider-criblio/internal/sdk/internal/hooks/credentials.go:157.9,159.4 1 0
github.com/criblio/terraform-provider-criblio/internal/sdk/internal/hooks/credentials.go:162.2,163.16 2 1
github.com/criblio/terraform-provider-criblio/internal/sdk/internal/hooks/credentials.go:163.16,166.3 2 0
github.com/criblio/terraform-provider-criblio/internal/sdk/internal/hooks/credentials.go:168.2,168.16 1 1
github.com/criblio/terraform-provider-criblio/internal/sdk/internal/hooks/credentials.go:169.14,170.31 1 1
github.com/criblio/terraform-provider-criblio/internal/sdk/internal/hooks/credentials.go:171.13,172.30 1 1
github.com/criblio/terraform-provider-criblio/internal/sdk/internal/hooks/credentials.go:175.2,175.17 1 0
github.com/criblio/terraform-provider-criblio/internal/sdk/internal/hooks/cribl_terraform_hook.go:23.50,26.2 2 1
github.com/criblio/terraform-provider-criblio/internal/sdk/internal/hooks/cribl_terraform_hook.go:28.94,34.27 4 1
github.com/criblio/terraform-provider-criblio/internal/sdk/internal/hooks/cribl_terraform_hook.go:34.27,39.3 4 1
github.com/criblio/terraform-provider-criblio/internal/sdk/internal/hooks/cribl_terraform_hook.go:42.2,44.16 3 1
github.com/criblio/terraform-provider-criblio/internal/sdk/internal/hooks/cribl_terraform_hook.go:44.16,49.3 4 0
github.com/criblio/terraform-provider-criblio/internal/sdk/internal/hooks/cribl_terraform_hook.go:52.2,52.51 1 1
github.com/criblio/terraform-provider-criblio/internal/sdk/internal/hooks/cribl_terraform_hook.go:52.51,57.3 4 0
github.com/criblio/terraform-provider-criblio/internal/sdk/internal/hooks/cribl_terraform_hook.go:60.2,60.19 1 1
github.com/criblio/terraform-provider-criblio/internal/sdk/internal/hooks/cribl_terraform_hook.go:60.19,74.3 9 1
github.com/criblio/terraform-provider-criblio/internal/sdk/internal/hooks/cribl_terraform_hook.go:74.8,77.3 2 0
github.com/criblio/terraform-provider-criblio/internal/sdk/internal/hooks/cribl_terraform_hook.go:79.2,80.24 2 0
github.com/criblio/terraform-provider-criblio/internal/sdk/internal/hooks/cribl_terraform_hook.go:83.112,88.27 3 1
github.com/criblio/terraform-provider-criblio/internal/sdk/internal/hooks/cribl_terraform_hook.go:88.27,90.3 1 1
github.com/criblio/terraform-provider-criblio/internal/sdk/internal/hooks/cribl_terraform_hook.go:93.2,96.13 2 1
github.com/criblio/terraform-provider-criblio/internal/sdk/internal/hooks/cribl_terraform_hook.go:96.13,97.32 1 1
github.com/criblio/terraform-provider-criblio/internal/sdk/internal/hooks/cribl_terraform_hook.go:97.32,98.68 1 1
github.com/criblio/terraform-provider-criblio/internal/sdk/internal/hooks/cribl_terraform_hook.go:98.68,99.48 1 1
github.com/criblio/terraform-provider-criblio/internal/sdk/internal/hooks/cribl_terraform_hook.go:99.48,101.30 1 1
github.com/criblio/terraform-provider-criblio/internal/sdk/internal/hooks/cribl_terraform_hook.go:101.30,104.7 2 0
github.com/criblio/terraform-provider-criblio/internal/sdk/internal/hooks/cribl_terraform_hook.go:107.6,107.33 1 1
github.com/criblio/terraform-provider-criblio/internal/sdk/internal/hooks/cribl_terraform_hook.go:107.33,110.7 2 1
github.com/criblio/terraform-provider-criblio/internal/sdk/internal/hooks/cribl_terraform_hook.go:111.6,111.30 1 1
github.com/criblio/terraform-provider-criblio/internal/sdk/internal/hooks/cribl_terraform_hook.go:111.30,114.7 2 1
github.com/criblio/terraform-provider-criblio/internal/sdk/internal/hooks/cribl_terraform_hook.go:115.6,115.30 1 1
github.com/criblio/terraform-provider-criblio/internal/sdk/internal/hooks/cribl_terraform_hook.go:115.30,117.7 1 1
github.com/criblio/terraform-provider-criblio/internal/sdk/internal/hooks/cribl_terraform_hook.go:119.10,121.5 1 0
github.com/criblio/terraform-provider-criblio/internal/sdk/internal/hooks/cribl_terraform_hook.go:125.2,129.16 3 1
github.com/criblio/terraform-provider-criblio/internal/sdk/internal/hooks/cribl_terraform_hook.go:129.16,131.3 1 0
github.com/criblio/terraform-provider-criblio/internal/sdk/internal/hooks/cribl_terraform_hook.go:135.2,135.13 1 1
github.com/criblio/terraform-provider-criblio/internal/sdk/internal/hooks/cribl_terraform_hook.go:135.13,136.43 1 1
github.com/criblio/terraform-provider-criblio/internal/sdk/internal/hooks/cribl_terraform_hook.go:136.43,137.21 1 1
github.com/criblio/terraform-provider-criblio/internal/sdk/internal/hooks/cribl_terraform_hook.go:137.21,140.5 2 1
github.com/criblio/terraform-provider-criblio/internal/sdk/internal/hooks/cribl_terraform_hook.go:144.3,150.46 2 1
github.com/criblio/terraform-provider-criblio/internal/sdk/internal/hooks/cribl_terraform_hook.go:151.8,152.43 1 1
github.com/criblio/terraform-provider-criblio/internal/sdk/internal/hooks/cribl_terraform_hook.go:152.43,153.21 1 1
github.com/criblio/terraform-provider-criblio/internal/sdk/internal/hooks/cribl_terraform_hook.go:153.21,156.5 2 1
github.com/criblio/terraform-provider-criblio/internal/sdk/internal/hooks/cribl_terraform_hook.go:161.2,161.71 1 1
github.com/criblio/terraform-provider-criblio/internal/sdk/internal/hooks/cribl_terraform_hook.go:161.71,163.3 1 1
github.com/criblio/terraform-provider-criblio/internal/sdk/internal/hooks/cribl_terraform_hook.go:163.8,163.49 1 1
github.com/criblio/terraform-provider-criblio/internal/sdk/internal/hooks/cribl_terraform_hook.go:163.49,165.14 2 1
github.com/criblio/terraform-provider-criblio/internal/sdk/internal/hooks/cribl_terraform_hook.go:165.14,168.23 2 1
github.com/criblio/terraform-provider-criblio/internal/sdk/internal/hooks/cribl_terraform_hook.go:168.23,171.19 2 1
github.com/criblio/terraform-provider-criblio/internal/sdk/internal/hooks/cribl_terraform_hook.go:171.19,173.6 1 0
github.com/criblio/terraform-provider-criblio/internal/sdk/internal/hooks/cribl_terraform_hook.go:175.5,178.83 2 1
github.com/criblio/terraform-provider-criblio/internal/sdk/internal/hooks/cribl_terraform_hook.go:178.83,181.6 1 1
github.com/criblio/terraform-provider-criblio/internal/sdk/internal/hooks/cribl_terraform_hook.go:181.11,184.24 2 1
github.com/criblio/terraform-provider-criblio/internal/sdk/internal/hooks/cribl_terraform_hook.go:184.24,186.7 1 0
github.com/criblio/terraform-provider-criblio/internal/sdk/internal/hooks/cribl_terraform_hook.go:187.6,189.54 2 1
github.com/criblio/terraform-provider-criblio/internal/sdk/internal/hooks/cribl_terraform_hook.go:191.10,191.48 1 0
github.com/criblio/terraform-provider-criblio/internal/sdk/internal/hooks/cribl_terraform_hook.go:191.48,193.5 1 0
github.com/criblio/terraform-provider-criblio/internal/sdk/internal/hooks/cribl_terraform_hook.go:193.10,195.5 1 0
github.com/criblio/terraform-provider-criblio/internal/sdk/internal/hooks/cribl_terraform_hook.go:198.4,201.62 3 1
github.com/criblio/terraform-provider-criblio/internal/sdk/internal/hooks/cribl_terraform_hook.go:201.62,203.57 2 1
github.com/criblio/terraform-provider-criblio/internal/sdk/internal/hooks/cribl_terraform_hook.go:203.57,205.6 1 1
github.com/criblio/terraform-provider-criblio/internal/sdk/internal/hooks/cribl_terraform_hook.go:208.4,208.24 1 1
github.com/criblio/terraform-provider-criblio/internal/sdk/internal/hooks/cribl_terraform_hook.go:208.24,210.19 2 1
github.com/criblio/terraform-provider-criblio/internal/sdk/internal/hooks/cribl_terraform_hook.go:210.19,212.6 1 1
github.com/criblio/terraform-provider-criblio/internal/sdk/internal/hooks/cribl_terraform_hook.go:213.5,214.44 2 1
github.com/criblio/terraform-provider-criblio/internal/sdk/internal/hooks/cribl_terraform_hook.go:216.4,216.31 1 1
github.com/criblio/terraform-provider-criblio/internal/sdk/internal/hooks/cribl_terraform_hook.go:217.9,222.62 3 1
github.com/criblio/terraform-provider-criblio/internal/sdk/internal/hooks/cribl_terraform_hook.go:222.62,224.57 2 1
github.com/criblio/terraform-provider-criblio/internal/sdk/internal/hooks/cribl_terraform_hook.go:224.57,226.6 1 0
github.com/criblio/terraform-provider-criblio/internal/sdk/internal/hooks/cribl_terraform_hook.go:229.4,229.24 1 1
github.com/criblio/terraform-provider-criblio/internal/sdk/internal/hooks/cribl_terraform_hook.go:229.24,232.19 3 1
github.com/criblio/terraform-provider-criblio/internal/sdk/internal/hooks/cribl_terraform_hook.go:232.19,234.6 1 1
github.com/criblio/terraform-provider-criblio/internal/sdk/internal/hooks/cribl_terraform_hook.go:235.5,236.44 2 1
github.com/criblio/terraform-provider-criblio/internal/sdk/internal/hooks/cribl_terraform_hook.go:239.4,239.31 1 1
github.com/criblio/terraform-provider-criblio/internal/sdk/internal/hooks/cribl_terraform_hook.go:241.3,241.55 1 1
github.com/criblio/terraform-provider-criblio/internal/sdk/internal/hooks/cribl_terraform_hook.go:242.8,244.3 1 1
github.com/criblio/terraform-provider-criblio/internal/sdk/internal/hooks/cribl_terraform_hook.go:246.2,246.13 1 1
github.com/criblio/terraform-provider-criblio/internal/sdk/internal/hooks/cribl_terraform_hook.go:246.13,251.72 2 1
github.com/criblio/terraform-provider-criblio/internal/sdk/internal/hooks/cribl_terraform_hook.go:251.72,257.18 3 1
github.com/criblio/terraform-provider-criblio/internal/sdk/internal/hooks/cribl_terraform_hook.go:257.18,259.5 1 0
github.com/criblio/terraform-provider-criblio/internal/sdk/internal/hooks/cribl_terraform_hook.go:262.4,265.18 3 1
github.com/criblio/terraform-provider-criblio/internal/sdk/internal/hooks/cribl_terraform_hook.go:265.18,267.5 1 0
github.com/criblio/terraform-provider-criblio/internal/sdk/internal/hooks/cribl_terraform_hook.go:270.4,271.36 2 1
github.com/criblio/terraform-provider-criblio/internal/sdk/internal/hooks/cribl_terraform_hook.go:272.9,277.92 2 1
github.com/criblio/terraform-provider-criblio/internal/sdk/internal/hooks/cribl_terraform_hook.go:277.92,281.19 3 1
github.com/criblio/terraform-provider-criblio/internal/sdk/internal/hooks/cribl_terraform_hook.go:281.19,283.6 1 0
github.com/criblio/terraform-provider-criblio/internal/sdk/internal/hooks/cribl_terraform_hook.go:285.5,285.24 1 1
github.com/criblio/terraform-provider-criblio/internal/sdk/internal/hooks/cribl_terraform_hook.go:288.8,293.39 2 1
github.com/criblio/terraform-provider-criblio/internal/sdk/internal/hooks/cribl_terraform_hook.go:293.39,295.4 1 0
github.com/criblio/terraform-provider-criblio/internal/sdk/internal/hooks/cribl_terraform_hook.go:298.3,301.17 2 1
github.com/criblio/terraform-provider-criblio/internal/sdk/internal/hooks/cribl_terraform_hook.go:301.17,304.18 3 0
github.com/criblio/terraform-provider-criblio/internal/sdk/internal/hooks/cribl_terraform_hook.go:304.18,306.5 1 0
github.com/criblio/terraform-provider-criblio/internal/sdk/internal/hooks/cribl_terraform_hook.go:307.4,307.23 1 0
github.com/criblio/terraform-provider-criblio/internal/sdk/internal/hooks/cribl_terraform_hook.go:308.9,311.18 3 1
github.com/criblio/terraform-provider-criblio/internal/sdk/internal/hooks/cribl_terraform_hook.go:311.18,313.5 1 0
github.com/criblio/terraform-provider-criblio/internal/sdk/internal/hooks/cribl_terraform_hook.go:314.4,314.23 1 1
github.com/criblio/terraform-provider-criblio/internal/sdk/internal/hooks/cribl_terraform_hook.go:317.3,317.66 1 1
github.com/criblio/terraform-provider-criblio/internal/sdk/internal/hooks/cribl_terraform_hook.go:320.2,320.17 1 1
github.com/criblio/terraform-provider-criblio/internal/sdk/internal/hooks/cribl_terraform_hook.go:325.130,339.16 6 1
github.com/criblio/terraform-provider-criblio/internal/sdk/internal/hooks/cribl_terraform_hook.go:339.16,341.3 1 0
github.com/criblio/terraform-provider-criblio/internal/sdk/internal/hooks/cribl_terraform_hook.go:343.2,344.16 2 1
github.com/criblio/terraform-provider-criblio/internal/sdk/internal/hooks/cribl_terraform_hook.go:344.16,346.3 1 0
github.com/criblio/terraform-provider-criblio/internal/sdk/internal/hooks/cribl_terraform_hook.go:347.2,350.16 3 1
github.com/criblio/terraform-provider-criblio/internal/sdk/internal/hooks/cribl_terraform_hook.go:350.16,352.3 1 1
github.com/criblio/terraform-provider-criblio/internal/sdk/internal/hooks/cribl_terraform_hook.go:355.2,359.54 2 1
github.com/criblio/terraform-provider-criblio/internal/sdk/internal/hooks/cribl_terraform_hook.go:359.54,361.3 1 0
github.com/criblio/terraform-provider-criblio/internal/sdk/internal/hooks/cribl_terraform_hook.go:364.2,376.8 5 1
github.com/criblio/terraform-provider-criblio/internal/sdk/internal/hooks/cribl_terraform_hook.go:379.127,384.21 3 1
github.com/criblio/terraform-provider-criblio/internal/sdk/internal/hooks/cribl_terraform_hook.go:384.21,387.17 2 1
github.com/criblio/terraform-provider-criblio/internal/sdk/internal/hooks/cribl_terraform_hook.go:387.17,389.4 1 0
github.com/criblio/terraform-provider-criblio/internal/sdk/internal/hooks/cribl_terraform_hook.go:391.3,394.81 2 1
github.com/criblio/terraform-provider-criblio/internal/sdk/internal/hooks/cribl_terraform_hook.go:394.81,397.4 1 1
github.com/criblio/terraform-provider-criblio/internal/sdk/internal/hooks/cribl_terraform_hook.go:397.9,400.22 2 1
github.com/criblio/terraform-provider-criblio/internal/sdk/internal/hooks/cribl_terraform_hook.go:400.22,402.5 1 0
github.com/criblio/terraform-provider-criblio/internal/sdk/internal/hooks/cribl_terraform_hook.go:403.4,406.39 2 1
github.com/criblio/terraform-provider-criblio/internal/sdk/internal/hooks/cribl_terraform_hook.go:406.39,412.25 3 1
github.com/criblio/terraform-provider-criblio/internal/sdk/internal/hooks/cribl_terraform_hook.go:412.25,418.6 3 0
github.com/criblio/terraform-provider-criblio/internal/sdk/internal/hooks/cribl_terraform_hook.go:420.5,420.27 1 1
github.com/criblio/terraform-provider-criblio/internal/sdk/internal/hooks/cribl_terraform_hook.go:420.27,423.28 2 1
github.com/criblio/terraform-provider-criblio/internal/sdk/internal/hooks/cribl_terraform_hook.go:423.28,425.7 1 1
github.com/criblio/terraform-provider-criblio/internal/sdk/internal/hooks/cribl_terraform_hook.go:428.5,430.72 3 1
github.com/criblio/terraform-provider-criblio/internal/sdk/internal/hooks/cribl_terraform_hook.go:431.10,433.5 1 0
github.com/criblio/terraform-provider-criblio/internal/sdk/internal/hooks/cribl_terraform_hook.go:435.8,437.3 1 0
github.com/criblio/terraform-provider-criblio/internal/sdk/internal/hooks/cribl_terraform_hook.go:440.2,440.20 1 1
github.com/criblio/terraform-provider-criblio/internal/sdk/internal/hooks/cribl_terraform_hook.go:440.20,443.17 2 0
github.com/criblio/terraform-provider-criblio/internal/sdk/internal/hooks/cribl_terraform_hook.go:443.17,445.4 1 0
github.com/criblio/terraform-provider-criblio/internal/sdk/internal/hooks/cribl_terraform_hook.go:447.3,450.81 2 0
github.com/criblio/terraform-provider-criblio/internal/sdk/internal/hooks/cribl_terraform_hook.go:450.81,453.4 1 0
github.com/criblio/terraform-provider-criblio/internal/sdk/internal/hooks/cribl_terraform_hook.go:453.9,456.22 2 0
github.com/criblio/terraform-provider-criblio/internal/sdk/internal/hooks/cribl_terraform_hook.go:456.22,458.5 1 0
github.com/criblio/terraform-provider-criblio/internal/sdk/internal/hooks/cribl_terraform_hook.go:459.4,461.52 2 0
github.com/criblio/terraform-provider-criblio/internal/sdk/internal/hooks/cribl_terraform_hook.go:465.2,468.20 3 1
github.com/criblio/terraform-provider-criblio/internal/sdk/internal/hooks/cribl_terraform_hook.go:468.20,477.17 7 1
github.com/criblio/terraform-provider-criblio/internal/sdk/internal/hooks/cribl_terraform_hook.go:477.17,479.4 1 0
github.com/criblio/terraform-provider-criblio/internal/sdk/internal/hooks/cribl_terraform_hook.go:480.3,481.73 2 1
github.com/criblio/terraform-provider-criblio/internal/sdk/internal/hooks/cribl_terraform_hook.go:482.8,492.17 3 1
github.com/criblio/terraform-provider-criblio/internal/sdk/internal/hooks/cribl_terraform_hook.go:492.17,494.4 1 0
github.com/criblio/terraform-provider-criblio/internal/sdk/internal/hooks/cribl_terraform_hook.go:496.3,497.17 2 1
github.com/criblio/terraform-provider-criblio/internal/sdk/internal/hooks/cribl_terraform_hook.go:497.17,499.4 1 0
github.com/criblio/terraform-provider-criblio/internal/sdk/internal/hooks/cribl_terraform_hook.go:500.3,500.53 1 1
github.com/criblio/terraform-provider-criblio/internal/sdk/internal/hooks/cribl_terraform_hook.go:503.2,504.16 2 1
github.com/criblio/terraform-provider-criblio/internal/sdk/internal/hooks/cribl_terraform_hook.go:504.16,506.3 1 0
github.com/criblio/terraform-provider-criblio/internal/sdk/internal/hooks/cribl_terraform_hook.go:508.2,512.54 2 1
github.com/criblio/terraform-provider-criblio/internal/sdk/internal/hooks/cribl_terraform_hook.go:512.54,514.3 1 0
github.com/criblio/terraform-provider-criblio/internal/sdk/internal/hooks/cribl_terraform_hook.go:517.2,522.8 2 1
github.com/criblio/terraform-provider-criblio/internal/sdk/internal/hooks/cribl_terraform_hook.go:525.119,526.16 1 1
github.com/criblio/terraform-provider-criblio/internal/sdk/internal/hooks/cribl_terraform_hook.go:526.16,528.3 1 0
github.com/criblio/terraform-provider-criblio/internal/sdk/internal/hooks/cribl_terraform_hook.go:530.2,530.24 1 1
github.com/criblio/terraform-provider-criblio/internal/sdk/internal/hooks/cribl_terraform_hook.go:532.31,535.17 2 1
github.com/criblio/terraform-provider-criblio/internal/sdk/internal/hooks/cribl_terraform_hook.go:535.17,537.4 1 0
github.com/criblio/terraform-provider-criblio/internal/sdk/internal/hooks/cribl_terraform_hook.go:539.3,539.20 1 1
github.com/criblio/terraform-provider-criblio/internal/sdk/internal/hooks/cribl_terraform_hook.go:539.20,542.23 2 1
github.com/criblio/terraform-provider-criblio/internal/sdk/internal/hooks/cribl_terraform_hook.go:542.23,545.19 2 1
github.com/criblio/terraform-provider-criblio/internal/sdk/internal/hooks/cribl_terraform_hook.go:545.19,547.6 1 0
github.com/criblio/terraform-provider-criblio/internal/sdk/internal/hooks/cribl_terraform_hook.go:549.5,552.83 2 1
github.com/criblio/terraform-provider-criblio/internal/sdk/internal/hooks/cribl_terraform_hook.go:552.83,555.6 1 1
github.com/criblio/terraform-provider-criblio/internal/sdk/internal/hooks/cribl_terraform_hook.go:555.11,558.24 2 0
github.com/criblio/terraform-provider-criblio/internal/sdk/internal/hooks/cribl_terraform_hook.go:558.24,560.7 1 0
github.com/criblio/terraform-provider-criblio/internal/sdk/internal/hooks/cribl_terraform_hook.go:561.6,563.54 2 0
github.com/criblio/terraform-provider-criblio/internal/sdk/internal/hooks/cribl_terraform_hook.go:565.10,565.48 1 0
github.com/criblio/terraform-provider-criblio/internal/sdk/internal/hooks/cribl_terraform_hook.go:565.48,567.5 1 0
github.com/criblio/terraform-provider-criblio/internal/sdk/internal/hooks/cribl_terraform_hook.go:567.10,569.5 1 0
github.com/criblio/terraform-provider-criblio/internal/sdk/internal/hooks/cribl_terraform_hook.go:572.4,575.62 3 1
github.com/criblio/terraform-provider-criblio/internal/sdk/internal/hooks/cribl_terraform_hook.go:575.62,577.57 2 0
github.com/criblio/terraform-provider-criblio/internal/sdk/internal/hooks/cribl_terraform_hook.go:577.57,579.6 1 0
github.com/criblio/terraform-provider-criblio/internal/sdk/internal/hooks/cribl_terraform_hook.go:582.4,582.24 1 1
github.com/criblio/terraform-provider-criblio/internal/sdk/internal/hooks/cribl_terraform_hook.go:582.24,584.19 2 1
github.com/criblio/terraform-provider-criblio/internal/sdk/internal/hooks/cribl_terraform_hook.go:584.19,586.6 1 0
github.com/criblio/terraform-provider-criblio/internal/sdk/internal/hooks/cribl_terraform_hook.go:587.5,588.44 2 1
github.com/criblio/terraform-provider-criblio/internal/sdk/internal/hooks/cribl_terraform_hook.go:592.4,596.86 3 1
github.com/criblio/terraform-provider-criblio/internal/sdk/internal/hooks/cribl_terraform_hook.go:598.34,599.30 1 0
github.com/criblio/terraform-provider-criblio/internal/sdk/internal/hooks/cribl_terraform_hook.go:602.2,602.17 1 0
github.com/criblio/terraform-provider-criblio/internal/sdk/internal/hooks/cribl_terraform_hook.go:605.84,611.19 5 1
github.com/criblio/terraform-provider-criblio/internal/sdk/internal/hooks/cribl_terraform_hook.go:611.19,615.17 3 1
github.com/criblio/terraform-provider-criblio/internal/sdk/internal/hooks/cribl_terraform_hook.go:615.17,617.4 1 0
github.com/criblio/terraform-provider-criblio/internal/sdk/internal/hooks/cribl_terraform_hook.go:618.3,621.17 3 1
github.com/criblio/terraform-provider-criblio/internal/sdk/internal/hooks/cribl_terraform_hook.go:621.17,623.4 1 0
github.com/criblio/terraform-provider-criblio/internal/sdk/internal/hooks/cribl_terraform_hook.go:625.3,625.39 1 1
github.com/criblio/terraform-provider-criblio/internal/sdk/internal/hooks/cribl_terraform_hook.go:625.39,627.9 2 1
github.com/criblio/terraform-provider-criblio/internal/sdk/internal/hooks/cribl_terraform_hook.go:628.9,628.59 1 1
github.com/criblio/terraform-provider-criblio/internal/sdk/internal/hooks/cribl_terraform_hook.go:628.59,631.4 2 0
github.com/criblio/terraform-provider-criblio/internal/sdk/internal/hooks/cribl_terraform_hook.go:634.2,634.14 1 1
github.com/criblio/terraform-provider-criblio/internal/sdk/internal/hooks/cribl_terraform_hook.go:634.14,636.3 1 1
github.com/criblio/terraform-provider-criblio/internal/sdk/internal/hooks/cribl_terraform_hook.go:638.2,638.18 1 1
github.com/criblio/terraform-provider-criblio/internal/sdk/internal/hooks/hooks.go:18.36,20.2 1 1
github.com/criblio/terraform-provider-criblio/internal/sdk/internal/hooks/hooks.go:82.19,101.2 4 0
github.com/criblio/terraform-provider-criblio/internal/sdk/internal/hooks/hooks.go:104.55,106.2 1 0
github.com/criblio/terraform-provider-criblio/internal/sdk/internal/hooks/hooks.go:109.67,111.2 1 0
github.com/criblio/terraform-provider-criblio/internal/sdk/internal/hooks/hooks.go:114.65,116.2 1 0
github.com/criblio/terraform-provider-criblio/internal/sdk/internal/hooks/hooks.go:119.61,121.2 1 0
github.com/criblio/terraform-provider-criblio/internal/sdk/internal/hooks/hooks.go:123.81,124.38 1 0
github.com/criblio/terraform-provider-criblio/internal/sdk/internal/hooks/hooks.go:124.38,126.3 1 0
github.com/criblio/terraform-provider-criblio/internal/sdk/internal/hooks/hooks.go:127.2,127.24 1 0
github.com/criblio/terraform-provider-criblio/internal/sdk/internal/hooks/hooks.go:130.103,131.43 1 0
github.com/criblio/terraform-provider-criblio/internal/sdk/internal/hooks/hooks.go:131.43,134.17 3 0
github.com/criblio/terraform-provider-criblio/internal/sdk/internal/hooks/hooks.go:134.17,136.4 1 0
github.com/criblio/terraform-provider-criblio/internal/sdk/internal/hooks/hooks.go:138.2,138.17 1 0
github.com/criblio/terraform-provider-criblio/internal/sdk/internal/hooks/hooks.go:141.103,142.42 1 0
github.com/criblio/terraform-provider-criblio/internal/sdk/internal/hooks/hooks.go:142.42,145.17 3 0
github.com/criblio/terraform-provider-criblio/internal/sdk/internal/hooks/hooks.go:145.17,147.4 1 0
github.com/criblio/terraform-provider-criblio/internal/sdk/internal/hooks/hooks.go:149.2,149.17 1 0
github.com/criblio/terraform-provider-criblio/internal/sdk/internal/hooks/hooks.go:152.110,153.40 1 0
github.com/criblio/terraform-provider-criblio/internal/sdk/internal/hooks/hooks.go:153.40,156.26 3 0
github.com/criblio/terraform-provider-criblio/internal/sdk/internal/hooks/hooks.go:156.26,158.4 1 0
github.com/criblio/terraform-provider-criblio/internal/sdk/internal/hooks/hooks.go:160.2,160.17 1 0
github.com/criblio/terraform-provider-criblio/internal/sdk/internal/hooks/mocks.go:11.71,12.21 1 1
github.com/criblio/terraform-provider-criblio/internal/sdk/internal/hooks/mocks.go:12.21,14.3 1 1
github.com/criblio/terraform-provider-criblio/internal/sdk/internal/hooks/mocks.go:15.2,16.23 2 1
github.com/criblio/terraform-provider-criblio/internal/sdk/internal/hooks/mocks.go:22.51,24.2 1 0
github.com/criblio/terraform-provider-criblio/internal/sdk/internal/hooks/mocks.go:26.33,28.2 1 0
github.com/criblio/terraform-provider-criblio/internal/sdk/internal/hooks/registration.go:11.26,19.2 4 1
github.com/criblio/terraform-provider-criblio/internal/sdk/internal/hooks/utils.go:10.35,16.2 4 1
github.com/criblio/terraform-provider-criblio/internal/sdk/internal/hooks/utils.go:18.38,26.2 4 1
github.com/criblio/terraform-provider-criblio/internal/sdk/internal/hooks/utils.go:29.51,31.39 1 1
github.com/criblio/terraform-provider-criblio/internal/sdk/internal/hooks/utils.go:31.39,33.55 1 1
github.com/criblio/terraform-provider-criblio/internal/sdk/internal/hooks/utils.go:33.55,35.4 1 1
github.com/criblio/terraform-provider-criblio/internal/sdk/internal/hooks/utils.go:39.2,39.82 1 1
github.com/criblio/terraform-provider-criblio/internal/sdk/internal/hooks/utils.go:39.82,41.3 1 1
github.com/criblio/terraform-provider-criblio/internal/sdk/internal/hooks/utils.go:44.2,44.41 1 1
github.com/criblio/terraform-provider-criblio/internal/sdk/internal/hooks/utils.go:44.41,46.3 1 1
github.com/criblio/terraform-provider-criblio/internal/sdk/internal/hooks/utils.go:49.2,49.48 1 1
github.com/criblio/terraform-provider-criblio/internal/sdk/internal/hooks/utils.go:49.48,51.3 1 0
github.com/criblio/terraform-provider-criblio/internal/sdk/internal/hooks/utils.go:54.2,60.44 2 1
github.com/criblio/terraform-provider-criblio/internal/sdk/internal/hooks/utils.go:60.44,61.38 1 1
github.com/criblio/terraform-provider-criblio/internal/sdk/internal/hooks/utils.go:61.38,63.4 1 1
github.com/criblio/terraform-provider-criblio/internal/sdk/internal/hooks/utils.go:67.2,67.80 1 1
github.com/criblio/terraform-provider-criblio/internal/sdk/internal/hooks/utils.go:67.80,69.3 1 1
github.com/criblio/terraform-provider-criblio/internal/sdk/internal/hooks/utils.go:71.2,71.14 1 1
github.com/criblio/terraform-provider-criblio/internal/sdk/internal/hooks/utils.go:75.82,79.9 2 1
github.com/criblio/terraform-provider-criblio/internal/sdk/internal/hooks/utils.go:80.33,81.31 1 1
github.com/criblio/terraform-provider-criblio/internal/sdk/internal/hooks/utils.go:82.45,83.43 1 1
github.com/criblio/terraform-provider-criblio/internal/sdk/internal/hooks/utils.go:84.49,85.30 1 1
github.com/criblio/terraform-provider-criblio/internal/sdk/internal/hooks/utils.go:86.10,87.25 1 1
github.com/criblio/terraform-provider-criblio/internal/sdk/internal/hooks/utils.go:90.2,90.50 1 1
github.com/criblio/terraform-provider-criblio/internal/sdk/internal/hooks/utils.go:94.80,104.105 5 1
github.com/criblio/terraform-provider-criblio/internal/sdk/internal/hooks/utils.go:104.105,107.3 2 1
github.com/criblio/terraform-provider-criblio/internal/sdk/internal/hooks/utils.go:110.2,111.116 1 1
github.com/criblio/terraform-provider-criblio/internal/sdk/internal/hooks/utils.go:111.116,114.3 2 1
github.com/criblio/terraform-provider-criblio/internal/sdk/internal/hooks/utils.go:116.2,117.9 2 1
github.com/criblio/terraform-provider-criblio/internal/sdk/internal/hooks/utils.go:118.39,120.31 2 1
github.com/criblio/terraform-provider-criblio/internal/sdk/internal/hooks/utils.go:121.45,123.34 2 1
github.com/criblio/terraform-provider-criblio/internal/sdk/internal/hooks/utils.go:124.47,126.34 2 1
github.com/criblio/terraform-provider-criblio/internal/sdk/internal/hooks/utils.go:127.10,129.30 2 0
github.com/criblio/terraform-provider-criblio/internal/sdk/internal/hooks/utils.go:132.2,132.19 1 1
github.com/criblio/terraform-provider-criblio/internal/sdk/internal/hooks/utils.go:132.19,135.3 1 1
github.com/criblio/terraform-provider-criblio/internal/sdk/internal/hooks/utils.go:135.8,138.3 1 0
github.com/criblio/terraform-provider-criblio/internal/sdk/internal/hooks/utils.go:140.2,141.9 2 1
github.com/criblio/terraform-provider-criblio/internal/sdk/internal/hooks/utils.go:142.33,144.25 2 1
github.com/criblio/terraform-provider-criblio/internal/sdk/internal/hooks/utils.go:145.48,147.28 2 1
github.com/criblio/terraform-provider-criblio/internal/sdk/internal/hooks/utils.go:148.52,150.28 2 1
github.com/criblio/terraform-provider-criblio/internal/sdk/internal/hooks/utils.go:151.10,153.24 2 0
github.com/criblio/terraform-provider-criblio/internal/sdk/internal/hooks/utils.go:156.2,156.19 1 1
github.com/criblio/terraform-provider-criblio/internal/sdk/internal/hooks/utils.go:156.19,159.3 1 1
github.com/criblio/terraform-provider-criblio/internal/sdk/internal/hooks/utils.go:159.8,162.3 1 0
github.com/criblio/terraform-provider-criblio/internal/sdk/internal/hooks/utils.go:165.2,166.9 2 1
github.com/criblio/terraform-provider-criblio/internal/sdk/internal/hooks/utils.go:167.39,169.28 2 1
github.com/criblio/terraform-provider-criblio/internal/sdk/internal/hooks/utils.go:170.45,172.31 2 1
github.com/criblio/terraform-provider-criblio/internal/sdk/internal/hooks/utils.go:173.49,175.26 2 1
github.com/criblio/terraform-provider-criblio/internal/sdk/internal/hooks/utils.go:176.10,178.27 2 1
github.com/criblio/terraform-provider-criblio/internal/sdk/internal/hooks/utils.go:181.2,189.23 4 1
